2021-08-22 01:45:20.889  WARN 56466 --- [HikariPool-1 housekeeper] com.zaxxer.hikari.pool.HikariPool        : HikariPool-1 - Thread starvation or clock leap detected (housekeeper delta=3h43m2s158ms).
2021-08-22 03:38:44.032  WARN 56466 --- [HikariPool-1 housekeeper] com.zaxxer.hikari.pool.HikariPool        : HikariPool-1 - Thread starvation or clock leap detected (housekeeper delta=1h53m23s142ms).
2021-08-22 10:37:44.247  WARN 56466 --- [HikariPool-1 housekeeper] com.zaxxer.hikari.pool.HikariPool        : HikariPool-1 - Thread starvation or clock leap detected (housekeeper delta=6h59m217ms).
2021-08-22 10:39:26.930  INFO 57209 --- [main] c.s.s.p.ProductrestapiApplicationTests   : Starting ProductrestapiApplicationTests using Java 12.0.2 on Stephens-MBP-4 with PID 57209 (started by stephenagbenu in /Users/stephenagbenu/Documents/Spring boot/productrestapi)
2021-08-22 10:39:26.933  INFO 57209 --- [main] c.s.s.p.ProductrestapiApplicationTests   : No active profile set, falling back to default profiles: default
2021-08-22 10:39:27.657  INFO 57209 --- [main] .s.d.r.c.RepositoryConfigurationDelegate : Bootstrapping Spring Data JPA repositories in DEFAULT mode.
2021-08-22 10:39:27.711  INFO 57209 --- [main] .s.d.r.c.RepositoryConfigurationDelegate : Finished Spring Data repository scanning in 44 ms. Found 1 JPA repository interfaces.
2021-08-22 10:39:28.265  INFO 57209 --- [main] com.zaxxer.hikari.HikariDataSource       : HikariPool-1 - Starting...
2021-08-22 10:39:28.802  INFO 57209 --- [main] com.zaxxer.hikari.HikariDataSource       : HikariPool-1 - Start completed.
2021-08-22 10:39:28.888  INFO 57209 --- [main] o.hibernate.jpa.internal.util.LogHelper  : HHH000204: Processing PersistenceUnitInfo [name: default]
2021-08-22 10:39:28.963  INFO 57209 --- [main] org.hibernate.Version                    : HHH000412: Hibernate ORM core version 5.4.32.Final
2021-08-22 10:39:29.150  INFO 57209 --- [main] o.hibernate.annotations.common.Version   : HCANN000001: Hibernate Commons Annotations {5.1.2.Final}
2021-08-22 10:39:29.312  INFO 57209 --- [main] org.hibernate.dialect.Dialect            : HHH000400: Using dialect: org.hibernate.dialect.MySQL8Dialect
2021-08-22 10:39:29.913  INFO 57209 --- [main] o.h.e.t.j.p.i.JtaPlatformInitiator       : HHH000490: Using JtaPlatform implementation: [org.hibernate.engine.transaction.jta.platform.internal.NoJtaPlatform]
2021-08-22 10:39:29.922  INFO 57209 --- [main] j.LocalContainerEntityManagerFactoryBean : Initialized JPA EntityManagerFactory for persistence unit 'default'
2021-08-22 10:39:30.285  INFO 57209 --- [main] org.eclipse.jetty.util.log               : Logging initialized @5169ms to org.eclipse.jetty.util.log.Slf4jLog
2021-08-22 10:39:30.391  WARN 57209 --- [main] JpaBaseConfiguration$JpaWebConfiguration : spring.jpa.open-in-view is enabled by default. Therefore, database queries may be performed during view rendering. Explicitly configure spring.jpa.open-in-view to disable this warning
2021-08-22 10:39:30.922  INFO 57209 --- [main] c.s.s.p.ProductrestapiApplicationTests   : Started ProductrestapiApplicationTests in 4.326 seconds (JVM running for 5.807)
2021-08-22 10:39:31.729  INFO 56466 --- [qtp1615535645-19] c.s.s.p.controllers.ProductController    : Getting product by ID 1
2021-08-22 10:39:31.759  INFO 56466 --- [qtp1615535645-18] c.s.s.p.controllers.ProductController    : Getting product by ID 4
2021-08-22 10:39:31.824  INFO 56466 --- [qtp1615535645-18] c.s.s.p.controllers.ProductController    : Getting product by ID 3
2021-08-22 10:39:31.843  WARN 56466 --- [qtp1615535645-18] org.eclipse.jetty.server.HttpChannel     : /products/3

org.springframework.web.util.NestedServletException: Request processing failed; nested exception is java.util.NoSuchElementException: No value present
	at org.springframework.web.servlet.FrameworkServlet.processRequest(FrameworkServlet.java:1014) ~[spring-webmvc-5.3.9.jar:5.3.9]
	at org.springframework.web.servlet.FrameworkServlet.doGet(FrameworkServlet.java:898) ~[spring-webmvc-5.3.9.jar:5.3.9]
	at javax.servlet.http.HttpServlet.service(HttpServlet.java:497) ~[jakarta.servlet-api-4.0.4.jar:4.0.4]
	at org.springframework.web.servlet.FrameworkServlet.service(FrameworkServlet.java:883) ~[spring-webmvc-5.3.9.jar:5.3.9]
	at javax.servlet.http.HttpServlet.service(HttpServlet.java:584) ~[jakarta.servlet-api-4.0.4.jar:4.0.4]
	at org.eclipse.jetty.servlet.ServletHolder.handle(ServletHolder.java:799) ~[jetty-servlet-9.4.43.v20210629.jar:9.4.43.v20210629]
	at org.eclipse.jetty.servlet.ServletHandler$ChainEnd.doFilter(ServletHandler.java:1626) ~[jetty-servlet-9.4.43.v20210629.jar:9.4.43.v20210629]
	at org.eclipse.jetty.websocket.server.WebSocketUpgradeFilter.doFilter(WebSocketUpgradeFilter.java:228) ~[websocket-server-9.4.43.v20210629.jar:9.4.43.v20210629]
	at org.eclipse.jetty.servlet.FilterHolder.doFilter(FilterHolder.java:193) ~[jetty-servlet-9.4.43.v20210629.jar:9.4.43.v20210629]
	at org.eclipse.jetty.servlet.ServletHandler$Chain.doFilter(ServletHandler.java:1601) ~[jetty-servlet-9.4.43.v20210629.jar:9.4.43.v20210629]
	at org.springframework.web.filter.RequestContextFilter.doFilterInternal(RequestContextFilter.java:100) ~[spring-web-5.3.9.jar:5.3.9]
	at org.springframework.web.filter.OncePerRequestFilter.doFilter(OncePerRequestFilter.java:119) ~[spring-web-5.3.9.jar:5.3.9]
	at org.eclipse.jetty.servlet.FilterHolder.doFilter(FilterHolder.java:193) ~[jetty-servlet-9.4.43.v20210629.jar:9.4.43.v20210629]
	at org.eclipse.jetty.servlet.ServletHandler$Chain.doFilter(ServletHandler.java:1601) ~[jetty-servlet-9.4.43.v20210629.jar:9.4.43.v20210629]
	at org.springframework.web.filter.FormContentFilter.doFilterInternal(FormContentFilter.java:93) ~[spring-web-5.3.9.jar:5.3.9]
	at org.springframework.web.filter.OncePerRequestFilter.doFilter(OncePerRequestFilter.java:119) ~[spring-web-5.3.9.jar:5.3.9]
	at org.eclipse.jetty.servlet.FilterHolder.doFilter(FilterHolder.java:193) ~[jetty-servlet-9.4.43.v20210629.jar:9.4.43.v20210629]
	at org.eclipse.jetty.servlet.ServletHandler$Chain.doFilter(ServletHandler.java:1601) ~[jetty-servlet-9.4.43.v20210629.jar:9.4.43.v20210629]
	at org.springframework.web.filter.CharacterEncodingFilter.doFilterInternal(CharacterEncodingFilter.java:201) ~[spring-web-5.3.9.jar:5.3.9]
	at org.springframework.web.filter.OncePerRequestFilter.doFilter(OncePerRequestFilter.java:119) ~[spring-web-5.3.9.jar:5.3.9]
	at org.eclipse.jetty.servlet.FilterHolder.doFilter(FilterHolder.java:193) ~[jetty-servlet-9.4.43.v20210629.jar:9.4.43.v20210629]
	at org.eclipse.jetty.servlet.ServletHandler$Chain.doFilter(ServletHandler.java:1601) ~[jetty-servlet-9.4.43.v20210629.jar:9.4.43.v20210629]
	at org.eclipse.jetty.servlet.ServletHandler.doHandle(ServletHandler.java:548) ~[jetty-servlet-9.4.43.v20210629.jar:9.4.43.v20210629]
	at org.eclipse.jetty.server.handler.ScopedHandler.handle(ScopedHandler.java:143) ~[jetty-server-9.4.43.v20210629.jar:9.4.43.v20210629]
	at org.eclipse.jetty.security.SecurityHandler.handle(SecurityHandler.java:602) ~[jetty-security-9.4.43.v20210629.jar:9.4.43.v20210629]
	at org.eclipse.jetty.server.handler.HandlerWrapper.handle(HandlerWrapper.java:127) ~[jetty-server-9.4.43.v20210629.jar:9.4.43.v20210629]
	at org.eclipse.jetty.server.handler.ScopedHandler.nextHandle(ScopedHandler.java:235) ~[jetty-server-9.4.43.v20210629.jar:9.4.43.v20210629]
	at org.eclipse.jetty.server.session.SessionHandler.doHandle(SessionHandler.java:1624) ~[jetty-server-9.4.43.v20210629.jar:9.4.43.v20210629]
	at org.eclipse.jetty.server.handler.ScopedHandler.nextHandle(ScopedHandler.java:233) ~[jetty-server-9.4.43.v20210629.jar:9.4.43.v20210629]
	at org.eclipse.jetty.server.handler.ContextHandler.doHandle(ContextHandler.java:1434) ~[jetty-server-9.4.43.v20210629.jar:9.4.43.v20210629]
	at org.eclipse.jetty.server.handler.ScopedHandler.nextScope(ScopedHandler.java:188) ~[jetty-server-9.4.43.v20210629.jar:9.4.43.v20210629]
	at org.eclipse.jetty.servlet.ServletHandler.doScope(ServletHandler.java:501) ~[jetty-servlet-9.4.43.v20210629.jar:9.4.43.v20210629]
	at org.eclipse.jetty.server.session.SessionHandler.doScope(SessionHandler.java:1594) ~[jetty-server-9.4.43.v20210629.jar:9.4.43.v20210629]
	at org.eclipse.jetty.server.handler.ScopedHandler.nextScope(ScopedHandler.java:186) ~[jetty-server-9.4.43.v20210629.jar:9.4.43.v20210629]
	at org.eclipse.jetty.server.handler.ContextHandler.doScope(ContextHandler.java:1349) ~[jetty-server-9.4.43.v20210629.jar:9.4.43.v20210629]
	at org.eclipse.jetty.server.handler.ScopedHandler.handle(ScopedHandler.java:141) ~[jetty-server-9.4.43.v20210629.jar:9.4.43.v20210629]
	at org.eclipse.jetty.server.handler.HandlerWrapper.handle(HandlerWrapper.java:127) ~[jetty-server-9.4.43.v20210629.jar:9.4.43.v20210629]
	at org.eclipse.jetty.server.Server.handle(Server.java:516) ~[jetty-server-9.4.43.v20210629.jar:9.4.43.v20210629]
	at org.eclipse.jetty.server.HttpChannel.lambda$handle$1(HttpChannel.java:388) ~[jetty-server-9.4.43.v20210629.jar:9.4.43.v20210629]
	at org.eclipse.jetty.server.HttpChannel.dispatch(HttpChannel.java:633) ~[jetty-server-9.4.43.v20210629.jar:9.4.43.v20210629]
	at org.eclipse.jetty.server.HttpChannel.handle(HttpChannel.java:380) ~[jetty-server-9.4.43.v20210629.jar:9.4.43.v20210629]
	at org.eclipse.jetty.server.HttpConnection.onFillable(HttpConnection.java:277) ~[jetty-server-9.4.43.v20210629.jar:9.4.43.v20210629]
	at org.eclipse.jetty.io.AbstractConnection$ReadCallback.succeeded(AbstractConnection.java:311) ~[jetty-io-9.4.43.v20210629.jar:9.4.43.v20210629]
	at org.eclipse.jetty.io.FillInterest.fillable(FillInterest.java:105) ~[jetty-io-9.4.43.v20210629.jar:9.4.43.v20210629]
	at org.eclipse.jetty.io.ChannelEndPoint$1.run(ChannelEndPoint.java:104) ~[jetty-io-9.4.43.v20210629.jar:9.4.43.v20210629]
	at org.eclipse.jetty.util.thread.strategy.EatWhatYouKill.runTask(EatWhatYouKill.java:338) ~[jetty-util-9.4.43.v20210629.jar:9.4.43.v20210629]
	at org.eclipse.jetty.util.thread.strategy.EatWhatYouKill.doProduce(EatWhatYouKill.java:315) ~[jetty-util-9.4.43.v20210629.jar:9.4.43.v20210629]
	at org.eclipse.jetty.util.thread.strategy.EatWhatYouKill.tryProduce(EatWhatYouKill.java:173) ~[jetty-util-9.4.43.v20210629.jar:9.4.43.v20210629]
	at org.eclipse.jetty.util.thread.strategy.EatWhatYouKill.run(EatWhatYouKill.java:131) ~[jetty-util-9.4.43.v20210629.jar:9.4.43.v20210629]
	at org.eclipse.jetty.util.thread.ReservedThreadExecutor$ReservedThread.run(ReservedThreadExecutor.java:386) ~[jetty-util-9.4.43.v20210629.jar:9.4.43.v20210629]
	at org.eclipse.jetty.util.thread.QueuedThreadPool.runJob(QueuedThreadPool.java:883) ~[jetty-util-9.4.43.v20210629.jar:9.4.43.v20210629]
	at org.eclipse.jetty.util.thread.QueuedThreadPool$Runner.run(QueuedThreadPool.java:1034) ~[jetty-util-9.4.43.v20210629.jar:9.4.43.v20210629]
	at java.base/java.lang.Thread.run(Thread.java:835) ~[na:na]
Caused by: java.util.NoSuchElementException: No value present
	at java.base/java.util.Optional.get(Optional.java:148) ~[na:na]
	at com.stephen.springweb.productrestapi.controllers.ProductController.getProduct(ProductController.java:31) ~[classes/:na]
	at java.base/jdk.internal.reflect.NativeMethodAccessorImpl.invoke0(Native Method) ~[na:na]
	at java.base/jdk.internal.reflect.NativeMethodAccessorImpl.invoke(NativeMethodAccessorImpl.java:62) ~[na:na]
	at java.base/jdk.internal.reflect.DelegatingMethodAccessorImpl.invoke(DelegatingMethodAccessorImpl.java:43) ~[na:na]
	at java.base/java.lang.reflect.Method.invoke(Method.java:567) ~[na:na]
	at org.springframework.web.method.support.InvocableHandlerMethod.doInvoke(InvocableHandlerMethod.java:197) ~[spring-web-5.3.9.jar:5.3.9]
	at org.springframework.web.method.support.InvocableHandlerMethod.invokeForRequest(InvocableHandlerMethod.java:141) ~[spring-web-5.3.9.jar:5.3.9]
	at org.springframework.web.servlet.mvc.method.annotation.ServletInvocableHandlerMethod.invokeAndHandle(ServletInvocableHandlerMethod.java:106) ~[spring-webmvc-5.3.9.jar:5.3.9]
	at org.springframework.web.servlet.mvc.method.annotation.RequestMappingHandlerAdapter.invokeHandlerMethod(RequestMappingHandlerAdapter.java:895) ~[spring-webmvc-5.3.9.jar:5.3.9]
	at org.springframework.web.servlet.mvc.method.annotation.RequestMappingHandlerAdapter.handleInternal(RequestMappingHandlerAdapter.java:808) ~[spring-webmvc-5.3.9.jar:5.3.9]
	at org.springframework.web.servlet.mvc.method.AbstractHandlerMethodAdapter.handle(AbstractHandlerMethodAdapter.java:87) ~[spring-webmvc-5.3.9.jar:5.3.9]
	at org.springframework.web.servlet.DispatcherServlet.doDispatch(DispatcherServlet.java:1064) ~[spring-webmvc-5.3.9.jar:5.3.9]
	at org.springframework.web.servlet.DispatcherServlet.doService(DispatcherServlet.java:963) ~[spring-webmvc-5.3.9.jar:5.3.9]
	at org.springframework.web.servlet.FrameworkServlet.processRequest(FrameworkServlet.java:1006) ~[spring-webmvc-5.3.9.jar:5.3.9]
	... 52 common frames omitted

2021-08-22 10:39:31.924  INFO 57209 --- [SpringApplicationShutdownHook] j.LocalContainerEntityManagerFactoryBean : Closing JPA EntityManagerFactory for persistence unit 'default'
2021-08-22 10:39:31.936  INFO 57209 --- [SpringApplicationShutdownHook] com.zaxxer.hikari.HikariDataSource       : HikariPool-1 - Shutdown initiated...
2021-08-22 10:39:31.976  INFO 57209 --- [SpringApplicationShutdownHook] com.zaxxer.hikari.HikariDataSource       : HikariPool-1 - Shutdown completed.
2021-08-22 10:43:31.815  INFO 56466 --- [SpringApplicationShutdownHook] o.e.jetty.server.AbstractConnector       : Stopped ServerConnector@6c806c8b{HTTP/1.1, (http/1.1)}{0.0.0.0:8081}
2021-08-22 10:43:31.815  INFO 56466 --- [SpringApplicationShutdownHook] org.eclipse.jetty.server.session         : node0 Stopped scavenging
2021-08-22 10:43:31.818  INFO 56466 --- [SpringApplicationShutdownHook] o.e.j.s.h.ContextHandler.application     : Destroying Spring FrameworkServlet 'dispatcherServlet'
2021-08-22 10:43:31.821  INFO 56466 --- [SpringApplicationShutdownHook] o.e.jetty.server.handler.ContextHandler  : Stopped o.s.b.w.e.j.JettyEmbeddedWebAppContext@54e2fe{application,/,[file:///private/var/folders/2l/sbz9pp854zq3kdm96b739b6h0000gn/T/jetty-docbase.8081.1480231528195020220/],STOPPED}
2021-08-22 10:43:31.827  INFO 56466 --- [SpringApplicationShutdownHook] j.LocalContainerEntityManagerFactoryBean : Closing JPA EntityManagerFactory for persistence unit 'default'
2021-08-22 10:43:31.832  INFO 56466 --- [SpringApplicationShutdownHook] com.zaxxer.hikari.HikariDataSource       : HikariPool-1 - Shutdown initiated...
2021-08-22 10:43:31.984  INFO 56466 --- [SpringApplicationShutdownHook] com.zaxxer.hikari.HikariDataSource       : HikariPool-1 - Shutdown completed.
